<?xml version="1.0" encoding="UTF-8"?>
<!-- Generated by org.testng.reporters.JUnitReportReporter -->
<testsuite skipped="0" hostname="LAPTOP-UOCMEQMR" name="pageFactoryWithoutAnnotations.LoginWithoutFindBy" tests="1" failures="0" timestamp="2020-08-04T01:49:54 IST" time="35.153" errors="0">
  <testcase name="login" time="35.153" classname="pageFactoryWithoutAnnotations.LoginWithoutFindBy"/>
</testsuite> <!-- pageFactoryWithoutAnnotations.LoginWithoutFindBy -->
