<?xml version="1.0" encoding="UTF-8"?>
<!-- Generated by org.testng.reporters.JUnitReportReporter -->
<testsuite skipped="0" hostname="LAPTOP-UOCMEQMR" name="testCase.UpdateProfileTestCase" tests="1" failures="0" timestamp="2020-08-04T01:28:24 IST" time="16.458" errors="0">
  <testcase name="updateProfile" time="16.458" classname="testCase.UpdateProfileTestCase"/>
</testsuite> <!-- testCase.UpdateProfileTestCase -->
