<?xml version="1.0" encoding="UTF-8"?>
<!-- Generated by org.testng.reporters.JUnitReportReporter -->
<testsuite skipped="0" hostname="LAPTOP-UOCMEQMR" name="testCase.LoginTestCase" tests="1" failures="0" timestamp="2020-08-04T01:17:56 IST" time="8.838" errors="0">
  <testcase name="login" time="8.838" classname="testCase.LoginTestCase"/>
</testsuite> <!-- testCase.LoginTestCase -->
